Removed Pin From Net: NetName=VIN Pin=C?-1
Removed Pin From Net: NetName=VIN Pin=P?-1
Removed Pin From Net: NetName=VIN Pin=P?-3
Removed Pin From Net: NetName=SDA Pin=P?-4
Removed Pin From Net: NetName=VSENS Pin=R?-1
Removed Pin From Net: NetName=VSENS Pin=R?-2
Removed Pin From Net: NetName=VIN Pin=U?-1
Removed Pin From Net: NetName=HYDRO_EN Pin=U?-3
Removed Pin From Net: NetName=VH Pin=U?-5
Removed Pin From Net: NetName=AGND Pin=U?-7
Removed Pin From Net: NetName=IN_L Pin=U?-14
Removed Pin From Net: NetName=AGND Pin=U?-15
Removed Pin From Net: NetName=VDDIO Pin=U?-20
Removed Pin From Net: NetName=MCLK Pin=U?-21
Removed Pin From Net: NetName=BCLK Pin=U?-24
Removed Pin From Net: NetName=I2SDOUT Pin=U?-25
Removed Pin From Net: NetName=I2SDIN Pin=U?-26
Removed Pin From Net: NetName=SDA Pin=U?-27
Removed Pin From Net: NetName=SCL Pin=U?-29
Removed Pin From Net: NetName=VDDD Pin=U?-30
Removed Pin From Net: NetName=AGND Pin=U?-31
Removed Pin From Net: NetName=AGND Pin=U?-32
Removed Pin From Net: NetName=AGND Pin=U?-33
Removed Member From Class: ClassName=HS1 Member=C?
Removed Member From Class: ClassName=HS1 Member=P?
Removed Member From Class: ClassName=HS1 Member=U?
Change Component Designator: OldDesignator=C? NewDesignator=C1
Change Component Designator: OldDesignator=C? NewDesignator=C2
Change Component Designator: OldDesignator=C? NewDesignator=C3
Change Component Designator: OldDesignator=C? NewDesignator=C4
Change Component Designator: OldDesignator=C? NewDesignator=C5
Change Component Designator: OldDesignator=C? NewDesignator=C6
Change Component Designator: OldDesignator=C? NewDesignator=C7
Change Component Designator: OldDesignator=C? NewDesignator=C8
Change Component Designator: OldDesignator=C? NewDesignator=C9
Change Component Designator: OldDesignator=C? NewDesignator=C10
Change Component Designator: OldDesignator=C? NewDesignator=C11
Change Component Designator: OldDesignator=C? NewDesignator=C12
Change Component Designator: OldDesignator=C? NewDesignator=C13
Change Component Designator: OldDesignator=C? NewDesignator=C14
Change Component Designator: OldDesignator=C? NewDesignator=C15
Change Component Designator: OldDesignator=C? NewDesignator=C16
Change Component Designator: OldDesignator=C? NewDesignator=C17
Change Component Designator: OldDesignator=C? NewDesignator=C18
Change Component Designator: OldDesignator=C? NewDesignator=C19
Change Component Designator: OldDesignator=C? NewDesignator=C20
Change Component Designator: OldDesignator=C? NewDesignator=C21
Change Component Designator: OldDesignator=C? NewDesignator=C22
Change Component Designator: OldDesignator=P? NewDesignator=P1
Change Component Designator: OldDesignator=P? NewDesignator=P2
Change Component Designator: OldDesignator=P? NewDesignator=P3
Change Component Designator: OldDesignator=P? NewDesignator=P4
Change Component Designator: OldDesignator=P? NewDesignator=P5
Change Component Designator: OldDesignator=P? NewDesignator=P6
Change Component Designator: OldDesignator=P? NewDesignator=P7
Change Component Designator: OldDesignator=P? NewDesignator=P8
Change Component Designator: OldDesignator=P? NewDesignator=P9
Change Component Designator: OldDesignator=P? NewDesignator=P10
Change Component Designator: OldDesignator=P? NewDesignator=P11
Change Component Designator: OldDesignator=P? NewDesignator=P12
Change Component Designator: OldDesignator=R? NewDesignator=R1
Change Component Designator: OldDesignator=R? NewDesignator=R2
Change Component Designator: OldDesignator=R? NewDesignator=R3
Change Component Designator: OldDesignator=R? NewDesignator=R4
Change Component Designator: OldDesignator=R? NewDesignator=R5
Change Component Designator: OldDesignator=U? NewDesignator=U1
Change Component Designator: OldDesignator=U? NewDesignator=U2
Change Component Designator: OldDesignator=U? NewDesignator=U3
Change Component Designator: OldDesignator=U? NewDesignator=U4
Change Component Designator: OldDesignator=U? NewDesignator=U5
Change Component Designator: OldDesignator=U? NewDesignator=U6
Added Pin To Net: NetName=DGND Pin=C1-1
Added Pin To Net: NetName=VIN Pin=C2-1
Added Pin To Net: NetName=DGND Pin=C2-2
Added Pin To Net: NetName=VDDD Pin=C3-1
Added Pin To Net: NetName=AGND Pin=C3-2
Added Pin To Net: NetName=AGND Pin=C4-1
Added Pin To Net: NetName=VA Pin=C4-2
Added Pin To Net: NetName=VA Pin=C5-1
Added Pin To Net: NetName=AGND Pin=C5-2
Added Pin To Net: NetName=AGND Pin=C6-2
Added Pin To Net: NetName=AGND Pin=C7-2
Added Pin To Net: NetName=VA Pin=C8-1
Added Pin To Net: NetName=AGND Pin=C8-2
Added Pin To Net: NetName=AGND Pin=C9-1
Added Pin To Net: NetName=VH Pin=C9-2
Added Pin To Net: NetName=VH Pin=C10-1
Added Pin To Net: NetName=AGND Pin=C10-2
Added Pin To Net: NetName=VIN Pin=C11-1
Added Pin To Net: NetName=AGND Pin=C11-2
Added Pin To Net: NetName=VDDIO Pin=C12-1
Added Pin To Net: NetName=AGND Pin=C12-2
Added Pin To Net: NetName=AGND Pin=C13-2
Added Pin To Net: NetName=AGND Pin=C14-2
Added Pin To Net: NetName=AGND Pin=C15-1
Added Pin To Net: NetName=VDDIO Pin=C15-2
Added Pin To Net: NetName=VDDIO Pin=C16-1
Added Pin To Net: NetName=AGND Pin=C16-2
Added Pin To Net: NetName=VIN Pin=C17-1
Added Pin To Net: NetName=AGND Pin=C17-2
Added Pin To Net: NetName=AGND Pin=C18-2
Added Pin To Net: NetName=VIN Pin=C19-1
Added Pin To Net: NetName=AGND Pin=C19-2
Added Pin To Net: NetName=VDDD Pin=C20-1
Added Pin To Net: NetName=AGND Pin=C20-2
Added Pin To Net: NetName=IN_L Pin=C21-2
Added Pin To Net: NetName=IN_R Pin=C22-2
Added Pin To Net: NetName=DGND Pin=P1-1
Added Pin To Net: NetName=V_BATT Pin=P1-2
Added Pin To Net: NetName=AGND_T Pin=P2-1
Added Pin To Net: NetName=A7 Pin=P2-3
Added Pin To Net: NetName=A18 Pin=P2-4
Added Pin To Net: NetName=DAC1 Pin=P3-1
Added Pin To Net: NetName=DGND Pin=P3-2
Added Pin To Net: NetName=DAC0 Pin=P3-3
Added Pin To Net: NetName=V_BATT Pin=P4-2
Added Pin To Net: NetName=VIN Pin=P4-3
Added Pin To Net: NetName=BATT_BACK Pin=P5-1
Added Pin To Net: NetName=DGND Pin=P5-2
Added Pin To Net: NetName=VIN Pin=P6-1
Added Pin To Net: NetName=DGND Pin=P6-3
Added Pin To Net: NetName=DN-TX Pin=P7-1
Added Pin To Net: NetName=UP-RX Pin=P8-1
Added Pin To Net: NetName=ENT-RST Pin=P9-1
Added Pin To Net: NetName=VCC Pin=P10-1
Added Pin To Net: NetName=DGND Pin=P10-2
Added Pin To Net: NetName=SCL Pin=P10-3
Added Pin To Net: NetName=SDA Pin=P10-4
Added Pin To Net: NetName=VH Pin=P11-1
Added Pin To Net: NetName=AGND Pin=P11-3
Added Pin To Net: NetName=VH Pin=P12-1
Added Pin To Net: NetName=AGND Pin=P12-3
Added Pin To Net: NetName=VSENS Pin=R1-1
Added Pin To Net: NetName=VIN Pin=R1-2
Added Pin To Net: NetName=DGND Pin=R2-1
Added Pin To Net: NetName=VSENS Pin=R2-2
Added Pin To Net: NetName=DGND Pin=R3-2
Added Pin To Net: NetName=DGND Pin=R4-2
Added Pin To Net: NetName=DGND Pin=R5-2
Added Pin To Net: NetName=DN-TX Pin=U1-3
Added Pin To Net: NetName=A0 Pin=U1-14
Added Pin To Net: NetName=A1 Pin=U1-15
Added Pin To Net: NetName=A6 Pin=U1-20
Added Pin To Net: NetName=A7 Pin=U1-21
Added Pin To Net: NetName=A12 Pin=U1-31
Added Pin To Net: NetName=A13 Pin=U1-32
Added Pin To Net: NetName=A14 Pin=U1-33
Added Pin To Net: NetName=AGND Pin=U2-2
Added Pin To Net: NetName=HYDRO_EN Pin=U2-3
Added Pin To Net: NetName=VA Pin=U2-5
Added Pin To Net: NetName=AGND Pin=U3-1
Added Pin To Net: NetName=AGND Pin=U3-3
Added Pin To Net: NetName=VA Pin=U3-5
Added Pin To Net: NetName=AGND Pin=U3-7
Added Pin To Net: NetName=IN_L Pin=U3-14
Added Pin To Net: NetName=AGND Pin=U3-15
Added Pin To Net: NetName=VDDIO Pin=U3-20
Added Pin To Net: NetName=MCLK Pin=U3-21
Added Pin To Net: NetName=LRCLK Pin=U3-23
Added Pin To Net: NetName=BCLK Pin=U3-24
Added Pin To Net: NetName=I2SDOUT Pin=U3-25
Added Pin To Net: NetName=I2SDIN Pin=U3-26
Added Pin To Net: NetName=SDA Pin=U3-27
Added Pin To Net: NetName=SCL Pin=U3-29
Added Pin To Net: NetName=VDDD Pin=U3-30
Added Pin To Net: NetName=AGND Pin=U3-31
Added Pin To Net: NetName=AGND Pin=U3-32
Added Pin To Net: NetName=AGND Pin=U3-33
Added Pin To Net: NetName=VIN Pin=U4-1
Added Pin To Net: NetName=AGND Pin=U4-2
Added Pin To Net: NetName=HYDRO_EN Pin=U4-3
Added Pin To Net: NetName=VH Pin=U4-5
Added Pin To Net: NetName=VIN Pin=U5-1
Added Pin To Net: NetName=AGND Pin=U5-2
Added Pin To Net: NetName=HYDRO_EN Pin=U5-3
Added Pin To Net: NetName=VDDIO Pin=U5-5
Added Pin To Net: NetName=VIN Pin=U6-1
Added Pin To Net: NetName=AGND Pin=U6-2
Added Pin To Net: NetName=HYDRO_EN Pin=U6-3
Added Pin To Net: NetName=VDDD Pin=U6-5
Added Pin To Net: NetName=NetC6_1 Pin=C6-1
Added Pin To Net: NetName=NetC6_1 Pin=U2-1
Added Net: Name=NetC6_1
Added Pin To Net: NetName=NetC7_1 Pin=C7-1
Added Pin To Net: NetName=NetC7_1 Pin=U2-4
Added Net: Name=NetC7_1
Added Pin To Net: NetName=NetC13_1 Pin=C13-1
Added Pin To Net: NetName=NetC13_1 Pin=U4-4
Added Net: Name=NetC13_1
Added Pin To Net: NetName=NetC14_1 Pin=C14-1
Added Pin To Net: NetName=NetC14_1 Pin=U3-10
Added Net: Name=NetC14_1
Added Pin To Net: NetName=NetC18_1 Pin=C18-1
Added Pin To Net: NetName=NetC18_1 Pin=U5-4
Added Net: Name=NetC18_1
Added Pin To Net: NetName=NetC21_1 Pin=C21-1
Added Pin To Net: NetName=NetC21_1 Pin=P11-2
Added Net: Name=NetC21_1
Added Pin To Net: NetName=NetC22_1 Pin=C22-1
Added Pin To Net: NetName=NetC22_1 Pin=P12-2
Added Net: Name=NetC22_1
Added Pin To Net: NetName=NetP7_2 Pin=P7-2
Added Pin To Net: NetName=NetP7_2 Pin=R3-1
Added Net: Name=NetP7_2
Added Pin To Net: NetName=NetP8_2 Pin=P8-2
Added Pin To Net: NetName=NetP8_2 Pin=R4-1
Added Net: Name=NetP8_2
Added Pin To Net: NetName=NetP9_2 Pin=P9-2
Added Pin To Net: NetName=NetP9_2 Pin=R5-1
Added Net: Name=NetP9_2
Added Member To Class: ClassName=HS1 Member=Component C1 10uF
Added Member To Class: ClassName=HS1 Member=Component C2 0.1uF
Added Member To Class: ClassName=HS1_audio Member=Component C3 0.1uF
Added Member To Class: ClassName=HS1_audio Member=Component C4 10uF
Added Member To Class: ClassName=HS1_audio Member=Component C5 0.1uF
Added Member To Class: ClassName=HS1_audio Member=Component C6 1uF
Added Member To Class: ClassName=HS1_audio Member=Component C7 0.01uF
Added Member To Class: ClassName=HS1_audio Member=Component C8 0.1uF
Added Member To Class: ClassName=HS1_audio Member=Component C9 10uF
Added Member To Class: ClassName=HS1_audio Member=Component C10 0.1uF
Added Member To Class: ClassName=HS1_audio Member=Component C11 1uF
Added Member To Class: ClassName=HS1_audio Member=Component C12 0.1uF
Added Member To Class: ClassName=HS1_audio Member=Component C13 0.01uF
Added Member To Class: ClassName=HS1_audio Member=Component C14 0.1uF
Added Member To Class: ClassName=HS1_audio Member=Component C15 10uF
Added Member To Class: ClassName=HS1_audio Member=Component C16 0.1uF
Added Member To Class: ClassName=HS1_audio Member=Component C17 1uF
Added Member To Class: ClassName=HS1_audio Member=Component C18 0.01uF
Added Member To Class: ClassName=HS1_audio Member=Component C20 1.0uF
Added Member To Class: ClassName=HS1_audio Member=Component C21 1.0uF
Added Member To Class: ClassName=HS1_audio Member=Component C22 1.0uF
Added Member To Class: ClassName=HS1 Member=Component P1 Battery
Added Member To Class: ClassName=HS1 Member=Component P2 Header 8X2
Added Member To Class: ClassName=HS1 Member=Component P3 DAC
Added Member To Class: ClassName=HS1 Member=Component P4 switch
Added Member To Class: ClassName=HS1 Member=Component P5 CoinCellHolder
Added Member To Class: ClassName=HS1 Member=Component P6 BIG CAP 1000 uF
Added Member To Class: ClassName=HS1 Member=Component P7 pushbutton
Added Member To Class: ClassName=HS1 Member=Component P8 pushbutton
Added Member To Class: ClassName=HS1 Member=Component P9 pushbutton
Added Member To Class: ClassName=HS1 Member=Component P10 Display
Added Member To Class: ClassName=HS1_audio Member=Component P11 HYDROPHONE
Added Member To Class: ClassName=HS1 Member=Component R2 100k
Added Member To Class: ClassName=HS1 Member=Component R3 10k
Added Member To Class: ClassName=HS1 Member=Component R4 10k
Added Member To Class: ClassName=HS1 Member=Component R5 10k
Added Member To Class: ClassName=HS1 Member=Component U1 Teensy 3.6
Added Member To Class: ClassName=HS1_audio Member=Component U2 LP3985IM5-3.3
Added Member To Class: ClassName=HS1_audio Member=Component U4 LP3985IM5-3.3
Added Member To Class: ClassName=HS1_audio Member=Component U5 LP3985IM5-3.3
Added Member To Class: ClassName=HS1_audio Member=Component U6 TLV70018DCKR
